all valves: ('WT', 'UG', 'FN', 'RU', 'RH', 'FL', 'KQ', 'PM', 'RQ', 'BL', 'FF', 'KP', 'YB', 'TV', 'HY', 'KF', 'YC', 'EE', 'ED', 'SA', 'II', 'BN', 'MO', 'YZ', 'WJ', 'AW', 'MJ', 'DW', 'QM', 'LF', 'QS', 'BT', 'VI', 'LS', 'QD', 'HG', 'BD', 'CD', 'QP', 'MW', 'AU', 'RR', 'GA', 'MT', 'HR', 'AS', 'CY', 'AA', 'IU', 'XO', 'FR', 'CB', 'ZY', 'BP', 'QN', 'IR', 'PQ', 'GL', 'OX', 'MA', 'FQ')
valves which make sense to open: {'LF', 'PM', 'ED', 'TV', 'II', 'MA', 'HR', 'MW', 'AS', 'KQ', 'FQ', 'XO', 'RU', 'DW', 'VI'}
[[None 2 3 8 6 5 11 10 2 8 9 3 3 2 6 5 5 5 8 4 5 10 9 9 7 5 5 5 2 3 9 9
  10 4 5 7 1 4 6 3 4 5 4 3 4 6 4 6 7 8 11 4 4 4 2 7 4 6 5 4 1]
 [2 None 5 9 7 3 12 11 2 8 9 3 1 4 5 3 5 5 8 4 6 11 8 10 8 3 5 4 2 3 10
  10 9 4 3 7 3 4 7 3 4 5 5 5 2 6 6 4 6 7 12 4 4 4 2 7 4 5 5 4 1]
 [3 5 None 7 5 7 10 9 5 6 7 3 6 1 7 5 3 5 6 7 4 9 10 8 6 7 5 6 4 6 8 8 11
  7 7 5 2 6 5 6 7 3 1 2 6 4 3 4 8 9 10 7 7 6 5 5 7 5 3 2 4]
 [8 9 7 None 4 10 3 2 9 1 2 6 10 6 10 8 4 8 3 11 3 2 13 1 1 10 8 9 7 10 1
  1 14 11 10 4 7 9 2 10 10 4 6 5 9 3 4 7 11 12 3 10 11 9 9 2 11 8 6 5 8]
 [6 7 5 4 None 8 7 6 7 3 4 4 8 4 8 6 2 6 3 9 1 6 11 5 3 8 6 7 5 8 5 5 12
  9 8 2 5 7 2 8 8 2 4 3 7 1 2 5 9 10 7 8 9 7 7 2 9 6 4 3 6]
 [5 3 7 10 8 None 13 12 3 9 10 6 2 7 4 2 6 4 9 3 7 12 7 11 9 2 4 3 5 4 11
  11 8 4 2 8 6 3 8 2 4 6 6 8 1 7 8 3 5 6 13 3 3 5 5 8 1 4 4 5 4]
 [11 12 10 3 7 13 None 2 12 4 5 9 13 9 13 11 7 11 6 14 6 1 16 3 4 13 11
  12 10 13 4 2 17 14 13 7 10 12 5 13 13 7 9 8 12 6 7 10 14 15 1 13 14 12
  12 5 14 11 9 8 11]
 [10 11 9 2 6 12 2 None 11 3 4 8 12 8 12 10 6 10 5 13 5 3 15 1 3 12 10 11
  9 12 3 3 16 13 12 6 9 11 4 12 12 6 8 7 11 5 6 9 13 14 1 12 13 11 11 4
  13 10 8 7 10]
 [2 2 5 9 7 3 12 11 None 8 9 3 3 4 4 5 5 3 8 2 6 11 7 10 8 4 5 3 2 3 10
  10 8 3 5 7 3 2 7 1 4 5 5 5 4 6 6 4 5 6 12 2 4 4 2 7 2 4 5 4 1]
 [8 8 6 1 3 9 4 3 8 None 3 5 9 7 9 7 5 7 4 10 4 3 12 2 2 9 7 8 6 9 2 2 13
  10 9 3 8 8 3 9 9 3 5 6 8 2 5 6 10 11 4 9 10 8 8 1 10 7 5 4 7]
 [9 9 7 2 4 10 5 4 9 3 None 6 10 8 10 8 6 8 1 11 5 4 13 3 3 10 8 9 7 10 1
  3 14 11 10 2 9 9 4 10 10 4 6 7 9 3 6 7 11 12 5 10 11 9 9 4 11 8 6 5 8]
 [3 3 3 6 4 6 9 8 3 5 6 None 4 4 6 4 2 4 5 5 3 8 9 7 5 6 4 5 1 4 7 7 10 5
  6 4 4 5 4 4 5 2 2 5 5 3 4 3 7 8 9 5 5 5 3 4 5 4 2 1 2]
 [3 1 6 10 8 2 13 12 3 9 10 4 None 5 4 2 6 4 9 5 7 12 7 11 9 2 4 3 3 4 11
  11 8 5 2 8 4 5 8 4 4 6 6 6 1 7 7 3 5 6 13 4 3 5 3 8 3 4 4 5 2]
 [2 4 1 6 4 7 9 8 4 7 8 4 5 None 8 6 4 6 7 6 3 8 11 7 5 7 6 7 4 5 7 7 12
  6 7 6 1 6 4 5 6 4 2 1 6 5 2 5 9 10 9 6 6 6 4 6 6 6 4 3 3]
 [6 5 7 10 8 4 13 12 4 9 10 6 4 8 None 4 6 4 9 4 7 12 3 11 9 2 4 1 6 3 11
  11 4 4 4 8 7 4 8 3 2 6 6 9 3 7 8 3 1 2 13 2 4 4 4 8 4 2 4 5 5]
 [5 3 5 8 6 2 11 10 5 7 8 4 2 6 4 None 4 2 7 5 5 10 7 9 7 2 2 3 5 4 9 9 8
  5 2 6 6 3 6 4 4 4 4 7 1 5 6 1 5 6 11 4 3 3 5 6 3 2 2 3 4]
 [5 5 3 4 2 6 7 6 5 5 6 2 6 4 6 4 None 4 5 7 1 6 9 5 3 6 4 5 3 6 5 5 10 7
  6 4 5 5 2 6 6 2 2 3 5 3 2 3 7 8 7 6 7 5 5 4 7 4 2 1 4]
 [5 5 5 8 6 4 11 10 3 7 8 4 4 6 4 2 4 None 7 3 5 10 7 9 7 4 2 3 5 4 9 9 8
  4 4 6 6 1 6 2 4 4 4 7 3 5 6 1 5 6 11 3 5 3 5 6 3 2 2 3 4]
 [8 8 6 3 3 9 6 5 8 4 1 5 9 7 9 7 5 7 None 10 4 5 12 4 4 9 7 8 6 9 2 4 13
  10 9 1 8 8 5 9 9 3 5 6 8 2 5 6 10 11 6 9 10 8 8 3 10 7 5 4 7]
 [4 4 7 11 9 3 14 13 2 10 11 5 5 6 4 5 7 3 10 None 8 13 7 12 10 4 4 3 4 2
  12 12 8 1 4 9 5 2 9 1 3 7 7 7 4 8 8 4 5 6 14 2 3 3 3 9 2 4 5 6 3]
 [5 6 4 3 1 7 6 5 6 4 5 3 7 3 7 5 1 5 4 8 None 5 10 4 2 7 5 6 4 7 4 4 11
  8 7 3 4 6 1 7 7 3 3 2 6 2 1 4 8 9 6 7 8 6 6 3 8 5 3 2 5]
 [10 11 9 2 6 12 1 3 11 3 4 8 12 8 12 10 6 10 5 13 5 None 15 3 3 12 10 11
  9 12 3 1 16 13 12 6 9 11 4 12 12 6 8 7 11 5 6 9 13 14 2 12 13 11 11 4
  13 10 8 7 10]
 [9 8 10 13 11 7 16 15 7 12 13 9 7 11 3 7 9 7 12 7 10 15 None 14 12 5 7 4
  9 6 14 14 1 7 7 11 10 7 11 6 5 9 9 12 6 10 11 6 2 1 16 5 7 7 7 11 7 5 7
  8 8]
 [9 10 8 1 5 11 3 1 10 2 3 7 11 7 11 9 5 9 4 12 4 3 14 None 2 11 9 10 8
  11 2 2 15 12 11 5 8 10 3 11 11 5 7 6 10 4 5 8 12 13 2 11 12 10 10 3 12
  9 7 6 9]
 [7 8 6 1 3 9 4 3 8 2 3 5 9 5 9 7 3 7 4 10 2 3 12 2 None 9 7 8 6 9 2 2 13
  10 9 5 6 8 1 9 9 5 5 4 8 4 3 6 10 11 4 9 10 8 8 3 10 7 5 4 7]
 [5 3 7 10 8 2 13 12 4 9 10 6 2 7 2 2 6 4 9 4 7 12 5 11 9 None 4 1 5 3 11
  11 6 4 2 8 6 4 8 3 2 6 6 8 1 7 8 3 3 4 13 2 3 4 4 8 3 2 4 5 4]
 [5 5 5 8 6 4 11 10 5 7 8 4 4 6 4 2 4 2 7 4 5 10 7 9 7 4 None 3 5 2 9 9 8
  3 4 6 6 3 6 4 3 4 4 7 3 5 6 1 5 6 11 4 3 1 3 6 5 2 2 3 4]
 [5 4 6 9 7 3 12 11 3 8 9 5 3 7 1 3 5 3 8 3 6 11 4 10 8 1 3 None 5 2 10
  10 5 3 3 7 6 3 7 2 1 5 5 8 2 6 7 2 2 3 12 1 3 3 3 7 3 1 3 4 4]
 [2 2 4 7 5 5 10 9 2 6 7 1 3 4 6 5 3 5 6 4 4 9 9 8 6 5 5 5 None 3 8 8 10
  4 5 5 3 4 5 3 4 3 3 5 4 4 5 4 7 8 10 4 4 4 2 5 4 5 3 2 1]
 [3 3 6 10 8 4 13 12 3 9 10 4 4 5 3 4 6 4 9 2 7 12 6 11 9 3 2 2 3 None 11
  11 7 1 2 8 4 4 8 3 1 6 6 6 3 7 7 3 4 5 13 3 1 1 1 8 4 3 4 5 2]
 [9 10 8 1 5 11 4 3 10 2 1 7 11 7 11 9 5 9 2 12 4 3 14 2 2 11 9 10 8 11
  None 2 15 12 11 3 8 10 3 11 11 5 7 6 10 4 5 8 12 13 4 11 12 10 10 3 12
  9 7 6 9]
 [9 10 8 1 5 11 2 3 10 2 3 7 11 7 11 9 5 9 4 12 4 1 14 2 2 11 9 10 8 11 2
  None 15 12 11 5 8 10 3 11 11 5 7 6 10 4 5 8 12 13 3 11 12 10 10 3 12 9
  7 6 9]
 [10 9 11 14 12 8 17 16 8 13 14 10 8 12 4 8 10 8 13 8 11 16 1 15 13 6 8 5
  10 7 15 15 None 8 8 12 11 8 12 7 6 10 10 13 7 11 12 7 3 2 17 6 8 8 8 12
  8 6 8 9 9]
 [4 4 7 11 9 4 14 13 3 10 11 5 5 6 4 5 7 4 10 1 8 13 7 12 10 4 3 3 4 1 12
  12 8 None 3 9 5 3 9 2 2 7 7 7 4 8 8 4 5 6 14 3 2 2 2 9 3 4 5 6 3]
 [5 3 7 10 8 2 13 12 5 9 10 6 2 7 4 2 6 4 9 4 7 12 7 11 9 2 4 3 5 2 11 11
  8 3 None 8 6 5 8 4 3 6 6 8 1 7 8 3 5 6 13 4 1 3 3 8 3 4 4 5 4]
 [7 7 5 4 2 8 7 6 7 3 2 4 8 6 8 6 4 6 1 9 3 6 11 5 5 8 6 7 5 8 3 5 12 9 8
  None 7 7 4 8 8 2 4 5 7 1 4 5 9 10 7 8 9 7 7 2 9 6 4 3 6]
 [1 3 2 7 5 6 10 9 3 8 9 4 4 1 7 6 5 6 8 5 4 9 10 8 6 6 6 6 3 4 8 8 11 5
  6 7 None 5 5 4 5 5 3 2 5 6 3 6 8 9 10 5 5 5 3 7 5 7 5 4 2]
 [4 4 6 9 7 3 12 11 2 8 9 5 5 6 4 3 5 1 8 2 6 11 7 10 8 4 3 3 4 4 10 10 8
  3 5 7 5 None 7 1 4 5 5 7 4 6 7 2 5 6 12 2 5 4 4 7 2 3 3 4 3]
 [6 7 5 2 2 8 5 4 7 3 4 4 8 4 8 6 2 6 5 9 1 4 11 3 1 8 6 7 5 8 3 3 12 9 8
  4 5 7 None 8 8 4 4 3 7 3 2 5 9 10 5 8 9 7 7 4 9 6 4 3 6]
 [3 3 6 10 8 2 13 12 1 9 10 4 4 5 3 4 6 2 9 1 7 12 6 11 9 3 4 2 3 3 11 11
  7 2 4 8 4 1 8 None 3 6 6 6 3 7 7 3 4 5 13 1 4 4 3 8 1 3 4 5 2]
 [4 4 7 10 8 4 13 12 4 9 10 5 4 6 2 4 6 4 9 3 7 12 5 11 9 2 3 1 4 1 11 11
  6 2 3 8 5 4 8 3 None 6 6 7 3 7 8 3 3 4 13 2 2 2 2 8 4 2 4 5 3]
 [5 5 3 4 2 6 7 6 5 3 4 2 6 4 6 4 2 4 3 7 3 6 9 5 5 6 4 5 3 6 5 5 10 7 6
  2 5 5 4 6 6 None 2 5 5 1 4 3 7 8 7 6 7 5 5 2 7 4 2 1 4]
 [4 5 1 6 4 6 9 8 5 5 6 2 6 2 6 4 2 4 5 7 3 8 9 7 5 6 4 5 3 6 7 7 10 7 6
  4 3 5 4 6 6 2 None 3 5 3 4 3 7 8 9 6 7 5 5 4 7 4 2 1 4]
 [3 5 2 5 3 8 8 7 5 6 7 5 6 1 9 7 3 7 6 7 2 7 12 6 4 8 7 8 5 6 6 6 13 7 8
  5 2 7 3 6 7 5 3 None 7 4 1 6 10 11 8 7 7 7 5 5 7 7 5 4 4]
 [4 2 6 9 7 1 12 11 4 8 9 5 1 6 3 1 5 3 8 4 6 11 6 10 8 1 3 2 4 3 10 10 7
  4 1 7 5 4 7 3 3 5 5 7 None 6 7 2 4 5 12 3 2 4 4 7 2 3 3 4 3]
 [6 6 4 3 1 7 6 5 6 2 3 3 7 5 7 5 3 5 2 8 2 5 10 4 4 7 5 6 4 7 4 4 11 8 7
  1 6 6 3 7 7 1 3 4 6 None 3 4 8 9 6 7 8 6 6 1 8 5 3 2 5]
 [4 6 3 4 2 8 7 6 6 5 6 4 7 2 8 6 2 6 5 8 1 6 11 5 3 8 6 7 5 7 5 5 12 8 8
  4 3 7 2 7 8 4 4 1 7 3 None 5 9 10 7 8 8 7 6 4 8 6 4 3 5]
 [6 4 4 7 5 3 10 9 4 6 7 3 3 5 3 1 3 1 6 4 4 9 6 8 6 3 1 2 4 3 8 8 7 4 3
  5 6 2 5 3 3 3 3 6 2 4 5 None 4 5 10 3 4 2 4 5 4 1 1 2 5]
 [7 6 8 11 9 5 14 13 5 10 11 7 5 9 1 5 7 5 10 5 8 13 2 12 10 3 5 2 7 4 12
  12 3 5 5 9 8 5 9 4 3 7 7 10 4 8 9 4 None 1 14 3 5 5 5 9 5 3 5 6 6]
 [8 7 9 12 10 6 15 14 6 11 12 8 6 10 2 6 8 6 11 6 9 14 1 13 11 4 6 3 8 5
  13 13 2 6 6 10 9 6 10 5 4 8 8 11 5 9 10 5 1 None 15 4 6 6 6 10 6 4 6 7
  7]
 [11 12 10 3 7 13 1 1 12 4 5 9 13 9 13 11 7 11 6 14 6 2 16 2 4 13 11 12
  10 13 4 3 17 14 13 7 10 12 5 13 13 7 9 8 12 6 7 10 14 15 None 13 14 12
  12 5 14 11 9 8 11]
 [4 4 7 10 8 3 13 12 2 9 10 5 4 6 2 4 6 3 9 2 7 12 5 11 9 2 4 1 4 3 11 11
  6 3 4 8 5 2 8 1 2 6 6 7 3 7 8 3 3 4 13 None 4 4 4 8 2 2 4 5 3]
 [4 4 7 11 9 3 14 13 4 10 11 5 3 6 4 3 7 5 10 3 8 13 7 12 10 3 3 3 4 1 12
  12 8 2 1 9 5 5 9 4 2 7 7 7 2 8 8 4 5 6 14 4 None 2 2 9 4 4 5 6 3]
 [4 4 6 9 7 5 12 11 4 8 9 5 5 6 4 3 5 3 8 3 6 11 7 10 8 4 1 3 4 1 10 10 8
  2 3 7 5 4 7 4 2 5 5 7 4 6 7 2 5 6 12 4 2 None 2 7 5 3 3 4 3]
 [2 2 5 9 7 5 12 11 2 8 9 3 3 4 4 5 5 5 8 3 6 11 7 10 8 4 3 3 2 1 10 10 8
  2 3 7 3 4 7 3 2 5 5 5 4 6 6 4 5 6 12 4 2 2 None 7 4 4 5 4 1]
 [7 7 5 2 2 8 5 4 7 1 4 4 8 6 8 6 4 6 3 9 3 4 11 3 3 8 6 7 5 8 3 3 12 9 8
  2 7 7 4 8 8 2 4 5 7 1 4 5 9 10 5 8 9 7 7 None 9 6 4 3 6]
 [4 4 7 11 9 1 14 13 2 10 11 5 3 6 4 3 7 3 10 2 8 13 7 12 10 3 5 3 4 4 12
  12 8 3 3 9 5 2 9 1 4 7 7 7 2 8 8 4 5 6 14 2 4 5 4 9 None 4 5 6 3]
 [6 5 5 8 6 4 11 10 4 7 8 4 4 6 2 2 4 2 7 4 5 10 5 9 7 2 2 1 5 3 9 9 6 4
  4 6 7 3 6 3 2 4 4 7 3 5 6 1 3 4 11 2 4 3 4 6 4 None 2 3 5]
 [5 5 3 6 4 4 9 8 5 5 6 2 4 4 4 2 2 2 5 5 3 8 7 7 5 4 2 3 3 4 7 7 8 5 4 4
  5 3 4 4 4 2 2 5 3 3 4 1 5 6 9 4 5 3 5 4 5 2 None 1 4]
 [4 4 2 5 3 5 8 7 4 4 5 1 5 3 5 3 1 3 4 6 2 7 8 6 4 5 3 4 2 5 6 6 9 6 5 3
  4 4 3 5 5 1 1 4 4 2 3 2 6 7 8 5 6 4 4 3 6 3 1 None 3]
 [1 1 4 8 6 4 11 10 1 7 8 2 2 3 5 4 4 4 7 3 5 10 8 9 7 4 4 4 1 2 9 9 9 3
  4 6 2 3 6 2 3 4 4 4 3 5 5 5 6 7 11 3 3 3 1 6 3 5 4 3 None]]
0
917
933
940
953
969
987
1031
1038
1067
1084
1088
1112
1116
1120
1124
1139
1157
1161
1162
1197
1205
1210
1232
1234
1242
1246
1266
1279
1289
1296
1318
1329
1330
1349
1367
1387
1403
1407
1421
1432
1442
1448
1514
1536
1550
1560
1563
1583
1618
1628
1649
1660
1662
1681
1686
1701
1708
1713
1716
1745
1751
1766
1769
1770
1777
1782
1826
1833
1838
1841
1877
1880
1912
1919
1924
1926
1937
1939
1951
1958
1963
2007
2014
2019
2022
2058
2061
2087
2094
2099
2102
2117
2126
2133
2138
2141
2144
2177
2180
2181
2184
2187
2201
2208
2213
2221
2228
2233
2257
2264
2269
2272
2275
2308
2311
2325
2327
2336
2340
2343
2350
2353
2363
2366
2377
2380
2389
2393
2402
2405
2406
2409
2411
2416
2419
2435
2439
2442
2467
2471
2474
2477
2484
2487
2497
2508
2520
2523
2533
maximum relief is 2536
this is obtained for valves:
  me:      ['AA', 'MA', 'II', 'AS', 'RU', 'PM', 'KQ', 'LF']
   at:     [4, 7, 10, 13, 17, 20, 23, 30]
 elephant: ['AA', 'HR', 'DW', 'XO', 'VI', 'MW', 'FQ', 'ED']
   at:     [4, 7, 10, 14, 17, 25, 28, 30]
